<?xml version="1.0" encoding="utf-8"?><testsuites name="pytest tests"><testsuite name="pytest" errors="0" failures="0" skipped="0" tests="6" time="1.108" timestamp="2026-06-20T08:55:03.134039+00:00" hostname="agent-env-a85c72c0-73e4-4afe-ab47-e4724b201c44"><testcase classname="backend.tests.test_product_currency.TestProductCurrency" name="test_create_product_with_explicit_eur_currency" time="0.421" /><testcase classname="backend.tests.test_product_currency.TestProductCurrency" name="test_create_product_without_currency_uses_profile_currency" time="0.125" /><testcase classname="backend.tests.test_product_currency.TestProductCurrency" name="test_update_product_currency_to_usd" time="0.169" /><testcase classname="backend.tests.test_product_currency.TestRegression" name="test_put_auth_profile" time="0.127" /><testcase classname="backend.tests.test_product_currency.TestRegression" name="test_get_products_list" time="0.041" /><testcase classname="backend.tests.test_product_currency.TestRegression" name="test_post_sales" time="0.143" /></testsuite></testsuites>