<?xml version="1.0" encoding="utf-8"?><testsuites name="pytest tests"><testsuite name="pytest" errors="0" failures="0" skipped="0" tests="8" time="0.703" timestamp="2026-06-14T20:44:00.294986+00:00" hostname="agent-env-a85c72c0-73e4-4afe-ab47-e4724b201c44"><testcase classname="backend.tests.test_account_deletion.TestAuthFailures" name="test_missing_authorization_returns_401" time="0.141" /><testcase classname="backend.tests.test_account_deletion.TestAuthFailures" name="test_invalid_bearer_returns_401" time="0.049" /><testcase classname="backend.tests.test_account_deletion.TestAuthFailures" name="test_malformed_authorization_header_returns_401" time="0.045" /><testcase classname="backend.tests.test_account_deletion.TestDeleteAccountHappyPath" name="test_seed_product" time="0.133" /><testcase classname="backend.tests.test_account_deletion.TestDeleteAccountHappyPath" name="test_seed_sale_and_expense" time="0.108" /><testcase classname="backend.tests.test_account_deletion.TestDeleteAccountHappyPath" name="test_delete_my_account_success" time="0.062" /><testcase classname="backend.tests.test_account_deletion.TestDeleteAccountHappyPath" name="test_profile_after_deletion" time="0.049" /><testcase classname="backend.tests.test_account_deletion.TestDeleteAccountHappyPath" name="test_idempotent_second_delete" time="0.043" /></testsuite></testsuites>